[0mCompiling "target/cljsbuild/public/js/app.js" from ("src/cljs" "src/cljc" "env/dev/cljs")...
notifying browser that file changed:  target/cljsbuild/public/js/out/goog/deps.js
notifying browser that file changed:  target/cljsbuild/public/js/out/cljs_deps.js
notifying browser that file changed:  out/zole/core.js
[32mSuccessfully compiled "target/cljsbuild/public/js/app.js" in 1.42 seconds.[0m
sending changed CSS file: resources/public/css/zole.css
[0mCompiling "target/cljsbuild/public/js/app.js" from ("src/cljs" "src/cljc" "env/dev/cljs")...
notifying browser that file changed:  out/zole/core.js
[32mSuccessfully compiled "target/cljsbuild/public/js/app.js" in 0.634 seconds.[0m
[0mCompiling "target/cljsbuild/public/js/app.js" from ("src/cljs" "src/cljc" "env/dev/cljs")...
notifying browser that file changed:  out/zole/core.js
[32mSuccessfully compiled "target/cljsbuild/public/js/app.js" in 0.586 seconds.[0m
sending changed CSS file: resources/public/css/zole.css
sending changed CSS file: resources/public/css/zole.css
sending changed CSS file: resources/public/css/zole.css
sending changed CSS file: resources/public/css/zole.css
sending changed CSS file: resources/public/css/zole.css
[0mCompiling "target/cljsbuild/public/js/app.js" from ("src/cljs" "src/cljc" "env/dev/cljs")...
notifying browser that file changed:  out/zole/core.js
[32mSuccessfully compiled "target/cljsbuild/public/js/app.js" in 0.582 seconds.[0m
[0mCompiling "target/cljsbuild/public/js/app.js" from ("src/cljs" "src/cljc" "env/dev/cljs")...
notifying browser that file changed:  out/zole/core.js
[32mSuccessfully compiled "target/cljsbuild/public/js/app.js" in 0.56 seconds.[0m
[0mCompiling "target/cljsbuild/public/js/app.js" from ("src/cljs" "src/cljc" "env/dev/cljs")...
notifying browser that file changed:  out/zole/core.js
[32mSuccessfully compiled "target/cljsbuild/public/js/app.js" in 0.567 seconds.[0m
[0mCompiling "target/cljsbuild/public/js/app.js" from ("src/cljs" "src/cljc" "env/dev/cljs")...
notifying browser that file changed:  out/zole/core.js
[32mSuccessfully compiled "target/cljsbuild/public/js/app.js" in 0.551 seconds.[0m
[0mCompiling "target/cljsbuild/public/js/app.js" from ("src/cljs" "src/cljc" "env/dev/cljs")...
notifying browser that file changed:  out/zole/core.js
[32mSuccessfully compiled "target/cljsbuild/public/js/app.js" in 0.613 seconds.[0m
[0mCompiling "target/cljsbuild/public/js/app.js" from ("src/cljs" "src/cljc" "env/dev/cljs")...
notifying browser that file changed:  out/zole/core.js
[32mSuccessfully compiled "target/cljsbuild/public/js/app.js" in 0.548 seconds.[0m
[0mCompiling "target/cljsbuild/public/js/app.js" from ("src/cljs" "src/cljc" "env/dev/cljs")...
notifying browser that file changed:  out/zole/core.js
[32mSuccessfully compiled "target/cljsbuild/public/js/app.js" in 0.554 seconds.[0m
[0mCompiling "target/cljsbuild/public/js/app.js" from ("src/cljs" "src/cljc" "env/dev/cljs")...
[31mCompiling "target/cljsbuild/public/js/app.js" failed.
[0mERROR: Map literal must contain an even number of forms on file /Users/maris/Projects/zole-gui/src/cljs/zole/core.cljs, line 120, column 48
[32mSuccessfully compiled "target/cljsbuild/public/js/app.js" in 0.313 seconds.[0m
[0mCompiling "target/cljsbuild/public/js/app.js" from ("src/cljs" "src/cljc" "env/dev/cljs")...
notifying browser that file changed:  out/zole/core.js
[32mSuccessfully compiled "target/cljsbuild/public/js/app.js" in 0.609 seconds.[0m
[0mCompiling "target/cljsbuild/public/js/app.js" from ("src/cljs" "src/cljc" "env/dev/cljs")...
notifying browser that file changed:  out/zole/core.js
[32mSuccessfully compiled "target/cljsbuild/public/js/app.js" in 0.601 seconds.[0m
[0mCompiling "target/cljsbuild/public/js/app.js" from ("src/cljs" "src/cljc" "env/dev/cljs")...
notifying browser that file changed:  out/zole/core.js
[32mSuccessfully compiled "target/cljsbuild/public/js/app.js" in 0.63 seconds.[0m
[0mCompiling "target/cljsbuild/public/js/app.js" from ("src/cljs" "src/cljc" "env/dev/cljs")...
notifying browser that file changed:  out/zole/core.js
[32mSuccessfully compiled "target/cljsbuild/public/js/app.js" in 0.556 seconds.[0m
[0mCompiling "target/cljsbuild/public/js/app.js" from ("src/cljs" "src/cljc" "env/dev/cljs")...
notifying browser that file changed:  out/zole/core.js
[32mSuccessfully compiled "target/cljsbuild/public/js/app.js" in 0.591 seconds.[0m
[0mCompiling "target/cljsbuild/public/js/app.js" from ("src/cljs" "src/cljc" "env/dev/cljs")...
notifying browser that file changed:  out/zole/core.js
[32mSuccessfully compiled "target/cljsbuild/public/js/app.js" in 0.584 seconds.[0m
[0mCompiling "target/cljsbuild/public/js/app.js" from ("src/cljs" "src/cljc" "env/dev/cljs")...
notifying browser that file changed:  out/zole/core.js
[32mSuccessfully compiled "target/cljsbuild/public/js/app.js" in 0.576 seconds.[0m
sending changed CSS file: resources/public/css/zole.css
[0mCompiling "target/cljsbuild/public/js/app.js" from ("src/cljs" "src/cljc" "env/dev/cljs")...
notifying browser that file changed:  out/zole/core.js
[32mSuccessfully compiled "target/cljsbuild/public/js/app.js" in 0.575 seconds.[0m
[0mCompiling "target/cljsbuild/public/js/app.js" from ("src/cljs" "src/cljc" "env/dev/cljs")...
notifying browser that file changed:  out/zole/core.js
[32mSuccessfully compiled "target/cljsbuild/public/js/app.js" in 0.597 seconds.[0m
[0mCompiling "target/cljsbuild/public/js/app.js" from ("src/cljs" "src/cljc" "env/dev/cljs")...
notifying browser that file changed:  out/zole/core.js
[32mSuccessfully compiled "target/cljsbuild/public/js/app.js" in 0.644 seconds.[0m
sending changed CSS file: resources/public/css/zole.css
[0mCompiling "target/cljsbuild/public/js/app.js" from ("src/cljs" "src/cljc" "env/dev/cljs")...
WARNING: Use of undeclared Var zole.core/s at line 148 /Users/maris/Projects/zole-gui/src/cljs/zole/core.cljs
WARNING: Use of undeclared Var zole.core/s at line 149 /Users/maris/Projects/zole-gui/src/cljs/zole/core.cljs
WARNING: Use of undeclared Var zole.core/s at line 150 /Users/maris/Projects/zole-gui/src/cljs/zole/core.cljs
WARNING: Use of undeclared Var zole.core/s at line 151 /Users/maris/Projects/zole-gui/src/cljs/zole/core.cljs
WARNING: Use of undeclared Var zole.core/s at line 148 /Users/maris/Projects/zole-gui/src/cljs/zole/core.cljs
WARNING: Use of undeclared Var zole.core/s at line 149 /Users/maris/Projects/zole-gui/src/cljs/zole/core.cljs
WARNING: Use of undeclared Var zole.core/s at line 150 /Users/maris/Projects/zole-gui/src/cljs/zole/core.cljs
WARNING: Use of undeclared Var zole.core/s at line 151 /Users/maris/Projects/zole-gui/src/cljs/zole/core.cljs
notifying browser that file changed:  out/zole/core.js
[32mSuccessfully compiled "target/cljsbuild/public/js/app.js" in 0.906 seconds.[0m
[0mCompiling "target/cljsbuild/public/js/app.js" from ("src/cljs" "src/cljc" "env/dev/cljs")...
notifying browser that file changed:  out/zole/core.js
[32mSuccessfully compiled "target/cljsbuild/public/js/app.js" in 0.694 seconds.[0m
[0mCompiling "target/cljsbuild/public/js/app.js" from ("src/cljs" "src/cljc" "env/dev/cljs")...
notifying browser that file changed:  out/zole/core.js
[32mSuccessfully compiled "target/cljsbuild/public/js/app.js" in 0.727 seconds.[0m
